#
# A fatal error has been detected by the Java Runtime Environment:
#
#  EXCEPTION_ACCESS_VIOLATION (0xc0000005) at pc=0x00000000670016f0, pid=17328, tid=14752
#
# JRE version: OpenJDK Runtime Environment Temurin-17.0.2+8 (17.0.2+8) (build 17.0.2+8)
# Java VM: OpenJDK 64-Bit Server VM Temurin-17.0.2+8 (17.0.2+8, mixed mode, tiered, compressed oops, compressed class ptrs, g1 gc, windows-amd64)
# Problematic frame:
# C  [QtCore4.dll+0x16f0]
#
# No core dump will be written. Minidumps are not enabled by default on client versions of Windows
#
# If you would like to submit a bug report, please visit:
#   https://github.com/adoptium/adoptium-support/issues
# The crash happened outside the Java Virtual Machine in native code.
# See problematic frame for where to report the bug.
#

---------------  S U M M A R Y ------------

Command Line: -Dfile.encoding=Cp1251 -XX:+ShowCodeDetailsInExceptionMessages auto.AutoStreetlight

Host: Intel(R) Core(TM) i7-9700K CPU @ 3.60GHz, 8 cores, 31G,  Windows 10 , 64 bit Build 19041 (10.0.19041.3570)
Time: Thu Oct 26 17:56:26 2023  Windows 10 , 64 bit Build 19041 (10.0.19041.3570) elapsed time: 1.584298 seconds (0d 0h 0m 1s)

---------------  T H R E A D  ---------------

Current thread (0x0000026091b2ef70):  JavaThread "main" [_thread_in_native, id=14752, stack(0x000000fa9d400000,0x000000fa9d500000)]

Stack: [0x000000fa9d400000,0x000000fa9d500000],  sp=0x000000fa9d4fec48,  free space=1019k
Native frames: (J=compiled Java code, j=interpreted, Vv=VM code, C=native code)
C  [QtCore4.dll+0x16f0]

Java frames: (J=compiled Java code, j=interpreted, Vv=VM code)
j  com.trolltech.qt.gui.QWidget.__qt_setStyleSheet_String(JLjava/lang/String;)V+0
j  com.trolltech.qt.gui.QWidget.setStyleSheet(Ljava/lang/String;)V+52
j  auto.AutoStreetlight.setColor()V+32
j  auto.AutoStreetlight.main([Ljava/lang/String;)V+16
v  ~StubRoutines::call_stub

siginfo: EXCEPTION_ACCESS_VIOLATION (0xc0000005), writing address 0x0000000000000000


Register to memory mapping:

RIP=0x00000000670016f0 QtCore4.dll
RAX=0x0000000065707708 QtGui4.dll
RBX=0x000000fa9d4fecc0 is pointing into the stack for thread: 0x0000026091b2ef70
RCX=0x0 is NULL
RDX=0x00000000ffffffff is an unknown value
RSP=0x000000fa9d4fec48 is pointing into the stack for thread: 0x0000026091b2ef70
RBP=0x000000fa9d4feea0 is pointing into the stack for thread: 0x0000026091b2ef70
RSI=0x0 is NULL
RDI=0x0 is NULL
R8 =0x0 is NULL
R9 =0x0000000000000040 is an unknown value
R10=0x0000000000000080 is an unknown value
R11=0x0000000065704ed0 QtGui4.dll
R12=0x0000000000000001 is an unknown value
R13=0x0 is NULL
R14=0x000000fa9d4ff170 is pointing into the stack for thread: 0x0000026091b2ef70
R15=0x00000260bb682e30 points into unknown readable memory: 0x0000000100000000 | 00 00 00 00 01 00 00 00


Registers:
RAX=0x0000000065707708, RBX=0x000000fa9d4fecc0, RCX=0x0000000000000000, RDX=0x00000000ffffffff
RSP=0x000000fa9d4fec48, RBP=0x000000fa9d4feea0, RSI=0x0000000000000000, RDI=0x0000000000000000
R8 =0x0000000000000000, R9 =0x0000000000000040, R10=0x0000000000000080, R11=0x0000000065704ed0
R12=0x0000000000000001, R13=0x0000000000000000, R14=0x000000fa9d4ff170, R15=0x00000260bb682e30
RIP=0x00000000670016f0, EFLAGS=0x0000000000010206

Top of Stack: (sp=0x000000fa9d4fec48)
0x000000fa9d4fec48:   00000000651e3cd1 0000000000000000
0x000000fa9d4fec58:   00000000650b726e 000000fa9d4feee8
0x000000fa9d4fec68:   0000000065010000 00000260bb682f20
0x000000fa9d4fec78:   00000000650f29de 0000026000000000
0x000000fa9d4fec88:   00000000650f16ba 00000260bb685910
0x000000fa9d4fec98:   00000260bb682f20 fffffffffffffffe
0x000000fa9d4feca8:   000000fa9d4fedd0 00000260bb682f20
0x000000fa9d4fecb8:   00000000650f1786 0000000000000000
0x000000fa9d4fecc8:   000000006513191f 00000260bb682f20
0x000000fa9d4fecd8:   0000000000000040 fffffffffffffffe
0x000000fa9d4fece8:   00000000500a6e97 fffffffffffffffe
0x000000fa9d4fecf8:   0000000000000040 000000fa9d4ff058
0x000000fa9d4fed08:   00000000650e6f15 0000000000000040
0x000000fa9d4fed18:   000000fa9d4ff058 0000000000000000
0x000000fa9d4fed28:   000000fa9d4fedd0 000000fa9d4ff170
0x000000fa9d4fed38:   fffffffffffffffe 0000000000000001 

Instructions: (pc=0x00000000670016f0)
0x00000000670015f0:   33 c0 48 89 01 48 89 41 08 48 8b c1 c3 cc cc cc
0x0000000067001600:   f2 0f 2a 02 48 8b c1 f2 0f 11 01 f2 0f 2a 4a 04
0x0000000067001610:   f2 0f 11 49 08 c3 cc cc cc cc cc cc cc cc cc cc
0x0000000067001620:   f2 0f 10 41 08 c3 cc cc cc cc cc cc cc cc cc cc
0x0000000067001630:   f2 0f 11 09 c3 cc cc cc cc cc cc cc cc cc cc cc
0x0000000067001640:   48 8d 41 08 c3 cc cc cc cc cc cc cc cc cc cc cc
0x0000000067001650:   f2 0f 10 02 48 8b c1 f2 0f 58 01 f2 0f 11 01 f2
0x0000000067001660:   0f 10 4a 08 f2 0f 58 49 08 f2 0f 11 49 08 c3 cc
0x0000000067001670:   66 c7 01 00 00 48 8b c1 c3 cc cc cc cc cc cc cc
0x0000000067001680:   f2 0f 10 01 f2 0f 10 49 08 48 8b c1 f2 0f 5c 02
0x0000000067001690:   f2 0f 11 01 f2 0f 5c 4a 08 f2 0f 11 49 08 c3 cc
0x00000000670016a0:   f2 0f 10 c1 f2 0f 59 49 08 48 8b c1 f2 0f 59 01
0x00000000670016b0:   f2 0f 11 49 08 f2 0f 11 01 c3 cc cc cc cc cc cc
0x00000000670016c0:   44 8b 01 44 3b c2 0f 94 c0 c3 cc cc cc cc cc cc
0x00000000670016d0:   44 8b 01 44 3b c2 0f 95 c0 c3 cc cc cc cc cc cc
0x00000000670016e0:   89 11 48 8b c1 c3 cc cc cc cc cc cc cc cc cc cc
0x00000000670016f0:   f0 83 01 01 0f 95 c0 c3 cc cc cc cc cc cc cc cc
0x0000000067001700:   48 8b 02 48 89 01 83 40 18 01 48 8b c1 c3 cc cc
0x0000000067001710:   f0 83 01 ff 0f 95 c0 c3 cc cc cc cc cc cc cc cc
0x0000000067001720:   40 53 48 83 ec 20 48 8b 01 48 8b d9 48 8d 15 85
0x0000000067001730:   73 1c 00 c6 40 20 01 48 8b 09 e8 61 9f 0f 00 48
0x0000000067001740:   8b c3 48 83 c4 20 5b c3 cc cc cc cc cc cc cc cc
0x0000000067001750:   48 8b 01 c6 40 20 00 48 8b c1 c3 cc cc cc cc cc
0x0000000067001760:   40 53 48 83 ec 20 48 8b d9 48 8b 09 80 79 20 00
0x0000000067001770:   74 0c 48 8d 15 3f 73 1c 00 e8 22 9f 0f 00 48 8b
0x0000000067001780:   c3 48 83 c4 20 5b c3 cc cc cc cc cc cc cc cc cc
0x0000000067001790:   48 83 ec 28 48 89 5c 24 40 0f b7 da 48 89 7c 24
0x00000000670017a0:   48 48 8b f9 48 8b 09 48 8d 15 0e 73 1c 00 e8 ed
0x00000000670017b0:   9e 0f 00 0f b7 d3 48 8b c8 e8 b2 98 0f 00 48 8d
0x00000000670017c0:   15 f7 72 1c 00 48 8b c8 e8 d3 9e 0f 00 48 8b 0f
0x00000000670017d0:   48 8b 5c 24 40 80 79 20 00 74 0c 48 8d 15 d6 72
0x00000000670017e0:   1c 00 e8 b9 9e 0f 00 48 8b c7 48 8b 7c 24 48 48 


Stack slot to memory mapping:
stack at sp + 0 slots: 0x00000000651e3cd1 QtGui4.dll
stack at sp + 1 slots: 0x0 is NULL
stack at sp + 2 slots: 0x00000000650b726e QtGui4.dll
stack at sp + 3 slots: 0x000000fa9d4feee8 is pointing into the stack for thread: 0x0000026091b2ef70
stack at sp + 4 slots: 0x0000000065010000 QtGui4.dll
stack at sp + 5 slots: 0x00000260bb682f20 points into unknown readable memory: 0x0000000065707708 | 08 77 70 65 00 00 00 00
stack at sp + 6 slots: 0x00000000650f29de QtGui4.dll
stack at sp + 7 slots: 0x0000026000000000 is an unknown value


---------------  P R O C E S S  ---------------

Threads class SMR info:
_java_thread_list=0x00000260bae8c3c0, length=13, elements={
0x0000026091b2ef70, 0x00000260ba877020, 0x00000260ba877da0, 0x00000260ba848670,
0x00000260ba849220, 0x00000260ba8a5010, 0x00000260ba8a58d0, 0x00000260ba8c2d50,
0x00000260ba8e3800, 0x00000260ba8e6200, 0x00000260baa482f0, 0x00000260baa5bdf0,
0x00000260bab2bac0
}

Java Threads: ( => current thread )
=>0x0000026091b2ef70 JavaThread "main" [_thread_in_native, id=14752, stack(0x000000fa9d400000,0x000000fa9d500000)]
  0x00000260ba877020 JavaThread "Reference Handler" daemon [_thread_blocked, id=2484, stack(0x000000fa9db00000,0x000000fa9dc00000)]
  0x00000260ba877da0 JavaThread "Finalizer" daemon [_thread_blocked, id=15848, stack(0x000000fa9dc00000,0x000000fa9dd00000)]
  0x00000260ba848670 JavaThread "Signal Dispatcher" daemon [_thread_blocked, id=15628, stack(0x000000fa9dd00000,0x000000fa9de00000)]
  0x00000260ba849220 JavaThread "Attach Listener" daemon [_thread_blocked, id=14900, stack(0x000000fa9de00000,0x000000fa9df00000)]
  0x00000260ba8a5010 JavaThread "Service Thread" daemon [_thread_blocked, id=10452, stack(0x000000fa9df00000,0x000000fa9e000000)]
  0x00000260ba8a58d0 JavaThread "Monitor Deflation Thread" daemon [_thread_blocked, id=13224, stack(0x000000fa9e000000,0x000000fa9e100000)]
  0x00000260ba8c2d50 JavaThread "C2 CompilerThread0" daemon [_thread_blocked, id=13580, stack(0x000000fa9e100000,0x000000fa9e200000)]
  0x00000260ba8e3800 JavaThread "C1 CompilerThread0" daemon [_thread_blocked, id=5476, stack(0x000000fa9e200000,0x000000fa9e300000)]
  0x00000260ba8e6200 JavaThread "Sweeper thread" daemon [_thread_blocked, id=14908, stack(0x000000fa9e300000,0x000000fa9e400000)]
  0x00000260baa482f0 JavaThread "Notification Thread" daemon [_thread_blocked, id=16448, stack(0x000000fa9e400000,0x000000fa9e500000)]
  0x00000260baa5bdf0 JavaThread "Common-Cleaner" daemon [_thread_blocked, id=848, stack(0x000000fa9e600000,0x000000fa9e700000)]
  0x00000260bab2bac0 JavaThread "Thread-0" daemon [_thread_blocked, id=11448, stack(0x000000fa9e700000,0x000000fa9e800000)]

Other Threads:
  0x00000260b9f1e860 VMThread "VM Thread" [stack: 0x000000fa9da00000,0x000000fa9db00000] [id=6524]
  0x00000260b9eff550 WatcherThread [stack: 0x000000fa9e500000,0x000000fa9e600000] [id=9404]
  0x0000026091ba4b40 GCTaskThread "GC Thread#0" [stack: 0x000000fa9d500000,0x000000fa9d600000] [id=11836]
  0x00000260bb314250 GCTaskThread "GC Thread#1" [stack: 0x000000fa9ec00000,0x000000fa9ed00000] [id=6232]
  0x00000260bb325900 GCTaskThread "GC Thread#2" [stack: 0x000000fa9ed00000,0x000000fa9ee00000] [id=7692]
  0x00000260bb325bb0 GCTaskThread "GC Thread#3" [stack: 0x000000fa9ee00000,0x000000fa9ef00000] [id=12080]
  0x00000260bb325e60 GCTaskThread "GC Thread#4" [stack: 0x000000fa9ef00000,0x000000fa9f000000] [id=15916]
  0x00000260bb326110 GCTaskThread "GC Thread#5" [stack: 0x000000fa9f000000,0x000000fa9f100000] [id=14648]
  0x0000026091bb5a00 ConcurrentGCThread "G1 Main Marker" [stack: 0x000000fa9d600000,0x000000fa9d700000] [id=16612]
  0x0000026091bb6410 ConcurrentGCThread "G1 Conc#0" [stack: 0x000000fa9d700000,0x000000fa9d800000] [id=8792]
  0x0000026091c0e780 ConcurrentGCThread "G1 Refine#0" [stack: 0x000000fa9d800000,0x000000fa9d900000] [id=14496]
  0x00000260b9dca440 ConcurrentGCThread "G1 Service" [stack: 0x000000fa9d900000,0x000000fa9da00000] [id=14356]

Threads with active compile tasks:

VM state: not at safepoint (normal execution)

VM Mutex/Monitor currently owned by a thread: None

Heap address: 0x0000000601000000, size: 8176 MB, Compressed Oops mode: Zero based, Oop shift amount: 3

CDS archive(s) not mapped
Compressed class space mapped at: 0x0000000800000000-0x0000000840000000, reserved size: 1073741824
Narrow klass base: 0x0000000800000000, Narrow klass shift: 0, Narrow klass range: 0x40000000

GC Precious Log:
 CPUs: 8 total, 8 available
 Memory: 32697M
 Large Page Support: Disabled
 NUMA Support: Disabled
 Compressed Oops: Enabled (Zero based)
 Heap Region Size: 4M
 Heap Min Capacity: 8M
 Heap Initial Capacity: 512M
 Heap Max Capacity: 8176M
 Pre-touch: Disabled
 Parallel Workers: 8
 Concurrent Workers: 2
 Concurrent Refinement Workers: 8
 Periodic GC: Disabled

Heap:
 garbage-first heap   total 28672K, used 1777K [0x0000000601000000, 0x0000000800000000)
  region size 4096K, 1 young (4096K), 0 survivors (0K)
 Metaspace       used 10774K, committed 10880K, reserved 1064960K
  class space    used 963K, committed 1024K, reserved 1048576K

Heap Regions: E=young(eden), S=young(survivor), O=old, HS=humongous(starts), HC=humongous(continues), CS=collection set, F=free, OA=open archive, CA=closed archive, TAMS=top-at-mark-start (previous, next)
|   0|0x0000000601000000, 0x0000000601045cf0, 0x0000000601400000|  6%| O|  |TAMS 0x0000000601000000, 0x0000000601000000| Untracked 
|   1|0x0000000601400000, 0x0000000601400000, 0x0000000601800000|  0%| F|  |TAMS 0x0000000601400000, 0x0000000601400000| Untracked 
|   2|0x0000000601800000, 0x0000000601800000, 0x0000000601c00000|  0%| F|  |TAMS 0x0000000601800000, 0x0000000601800000| Untracked 
|   3|0x0000000601c00000, 0x0000000601c00000, 0x0000000602000000|  0%| F|  |TAMS 0x0000000601c00000, 0x0000000601c00000| Untracked 
|   4|0x0000000602000000, 0x0000000602000000, 0x0000000602400000|  0%| F|  |TAMS 0x0000000602000000, 0x0000000602000000| Untracked 
|   5|0x0000000602400000, 0x0000000602428f80, 0x0000000602800000|  4%| E|  |TAMS 0x0000000602400000, 0x0000000602400000| Complete 
|  11|0x0000000603c00000, 0x0000000603d76790, 0x0000000604000000| 36%| O|  |TAMS 0x0000000603c00000, 0x0000000603c00000| Untracked 

Card table byte_map: [0x00000260a5520000,0x00000260a6520000] _byte_map_base: 0x00000260a2518000

Marking Bits (Prev, Next): (CMBitMap*) 0x0000026091ba5190, (CMBitMap*) 0x0000026091ba5150
 Prev Bits: [0x00000260af4e0000, 0x00000260b74a0000)
 Next Bits: [0x00000260a7520000, 0x00000260af4e0000)

Polling page: 0x0000026091310000

Metaspace:

Usage:
  Non-class:      9.58 MB used.
      Class:    963.03 KB used.
       Both:     10.52 MB used.

Virtual space:
  Non-class space:       16.00 MB reserved,       9.62 MB ( 60%) committed,  2 nodes.
      Class space:        1.00 GB reserved,       1.00 MB ( <1%) committed,  1 nodes.
             Both:        1.02 GB reserved,      10.62 MB (  1%) committed. 

Chunk freelists:
   Non-Class:  1.75 MB
       Class:  2.97 MB
        Both:  4.72 MB

MaxMetaspaceSize: unlimited
CompressedClassSpaceSize: 1.00 GB
Initial GC threshold: 21.00 MB
Current GC threshold: 21.00 MB
CDS: off
MetaspaceReclaimPolicy: balanced
 - commit_granule_bytes: 65536.
 - commit_granule_words: 8192.
 - virtual_space_node_default_size: 1048576.
 - enlarge_chunks_in_place: 1.
 - new_chunks_are_fully_committed: 0.
 - uncommit_free_chunks: 1.
 - use_allocation_guard: 0.
 - handle_deallocations: 1.


Internal statistics:

num_allocs_failed_limit: 0.
num_arena_births: 32.
num_arena_deaths: 0.
num_vsnodes_births: 3.
num_vsnodes_deaths: 0.
num_space_committed: 170.
num_space_uncommitted: 0.
num_chunks_returned_to_freelist: 0.
num_chunks_taken_from_freelist: 124.
num_chunk_merges: 0.
num_chunk_splits: 84.
num_chunks_enlarged: 68.
num_purges: 0.
num_inconsistent_stats: 0.

CodeHeap 'non-profiled nmethods': size=120000Kb used=147Kb max_used=147Kb free=119852Kb
 bounds [0x000002609ccc0000, 0x000002609cf30000, 0x00000260a41f0000]
CodeHeap 'profiled nmethods': size=120000Kb used=830Kb max_used=830Kb free=119170Kb
 bounds [0x0000026095790000, 0x0000026095a00000, 0x000002609ccc0000]
CodeHeap 'non-nmethods': size=5760Kb used=1126Kb max_used=1136Kb free=4633Kb
 bounds [0x00000260951f0000, 0x0000026095460000, 0x0000026095790000]
 total_blobs=922 nmethods=511 adapters=324
 compilation: enabled
              stopped_count=0, restarted_count=0
 full_count=0

Compilation events (20 events):
Event: 0.258 Thread 0x00000260ba8e3800  501       3       java.lang.ClassLoader::getClassLoadingLock (35 bytes)
Event: 0.258 Thread 0x00000260ba8e3800 nmethod 501 0x0000026095858f10 code [0x00000260958590c0, 0x00000260958593c8]
Event: 0.258 Thread 0x00000260ba8e3800  502       3       jdk.internal.loader.BuiltinClassLoader::findLoadedModule (33 bytes)
Event: 0.258 Thread 0x00000260ba8e3800 nmethod 502 0x0000026095859510 code [0x0000026095859720, 0x0000026095859d78]
Event: 0.260 Thread 0x00000260ba8e3800  503       3       java.lang.System$2::findBootstrapClassOrNull (5 bytes)
Event: 0.260 Thread 0x00000260ba8e3800 nmethod 503 0x000002609585a010 code [0x000002609585a1c0, 0x000002609585a3d8]
Event: 0.260 Thread 0x00000260ba8e3800  504       3       java.lang.ClassLoader::findBootstrapClassOrNull (14 bytes)
Event: 0.260 Thread 0x00000260ba8e3800 nmethod 504 0x000002609585a510 code [0x000002609585a6c0, 0x000002609585a878]
Event: 0.262 Thread 0x00000260ba8e3800  505   !   3       java.util.concurrent.ConcurrentHashMap::computeIfAbsent (576 bytes)
Event: 0.263 Thread 0x00000260ba8e3800 nmethod 505 0x000002609585a910 code [0x000002609585ad20, 0x000002609585d098]
Event: 0.263 Thread 0x00000260ba8e3800  506       3       java.lang.ClassLoader::loadClass (7 bytes)
Event: 0.263 Thread 0x00000260ba8e3800 nmethod 506 0x000002609585e110 code [0x000002609585e2c0, 0x000002609585e488]
Event: 0.263 Thread 0x00000260ba8e3800  507       3       jdk.internal.loader.BuiltinClassLoader::loadClass (22 bytes)
Event: 0.263 Thread 0x00000260ba8e3800 nmethod 507 0x000002609585e510 code [0x000002609585e6c0, 0x000002609585e9b8]
Event: 0.263 Thread 0x00000260ba8e3800  508       3       java.util.AbstractList::<init> (10 bytes)
Event: 0.263 Thread 0x00000260ba8e3800 nmethod 508 0x000002609585eb10 code [0x000002609585ecc0, 0x000002609585ee98]
Event: 1.561 Thread 0x00000260ba8e3800  509       3       jdk.internal.loader.NativeLibraries$NativeLibraryImpl::find (6 bytes)
Event: 1.561 Thread 0x00000260ba8e3800 nmethod 509 0x000002609585ef90 code [0x000002609585f120, 0x000002609585f248]
Event: 1.561 Thread 0x00000260ba8e3800  511       3       java.nio.Buffer::position (52 bytes)
Event: 1.561 Thread 0x00000260ba8e3800 nmethod 511 0x000002609585f310 code [0x000002609585f4c0, 0x000002609585f748]

GC Heap History (2 events):
Event: 1.556 GC heap before
{Heap before GC invocations=0 (full 0):
 garbage-first heap   total 524288K, used 4096K [0x0000000601000000, 0x0000000800000000)
  region size 4096K, 2 young (8192K), 0 survivors (0K)
 Metaspace       used 10772K, committed 10880K, reserved 1064960K
  class space    used 962K, committed 1024K, reserved 1048576K
}
Event: 1.561 GC heap after
{Heap after GC invocations=1 (full 1):
 garbage-first heap   total 28672K, used 1777K [0x0000000601000000, 0x0000000800000000)
  region size 4096K, 0 young (0K), 0 survivors (0K)
 Metaspace       used 10772K, committed 10880K, reserved 1064960K
  class space    used 962K, committed 1024K, reserved 1048576K
}

Deoptimization events (2 events):
Event: 0.223 Thread 0x0000026091b2ef70 DEOPT PACKING pc=0x00000260957d4465 sp=0x000000fa9d4fa730
Event: 0.223 Thread 0x0000026091b2ef70 DEOPT UNPACKING pc=0x0000026095242b43 sp=0x000000fa9d4f9ba8 mode 0

Classes unloaded (0 events):
No events

Classes redefined (0 events):
No events

Internal exceptions (0 events):
No events

VM Operations (8 events):
Event: 0.082 Executing VM operation: HandshakeAllThreads
Event: 0.082 Executing VM operation: HandshakeAllThreads done
Event: 0.087 Executing VM operation: HandshakeAllThreads
Event: 0.087 Executing VM operation: HandshakeAllThreads done
Event: 1.098 Executing VM operation: Cleanup
Event: 1.098 Executing VM operation: Cleanup done
Event: 1.556 Executing VM operation: G1CollectFull
Event: 1.561 Executing VM operation: G1CollectFull done

Events (20 events):
Event: 0.213 loading class java/lang/reflect/TypeVariable
Event: 0.213 loading class java/lang/reflect/TypeVariable done
Event: 0.213 loading class sun/reflect/generics/reflectiveObjects/TypeVariableImpl
Event: 0.213 loading class sun/reflect/generics/reflectiveObjects/LazyReflectiveObjectGenerator
Event: 0.213 loading class sun/reflect/generics/reflectiveObjects/LazyReflectiveObjectGenerator done
Event: 0.213 loading class sun/reflect/generics/reflectiveObjects/TypeVariableImpl done
Event: 0.213 loading class java/util/ArrayList$SubList
Event: 0.213 loading class java/util/ArrayList$SubList done
Event: 0.217 loading class java/util/Hashtable$KeySet
Event: 0.217 loading class java/util/Hashtable$KeySet done
Event: 0.217 loading class java/util/Collections$SynchronizedSet
Event: 0.217 loading class java/util/Collections$SynchronizedCollection
Event: 0.217 loading class java/util/Collections$SynchronizedCollection done
Event: 0.217 loading class java/util/Collections$SynchronizedSet done
Event: 0.217 loading class java/util/Hashtable$ValueCollection
Event: 0.217 loading class java/util/Hashtable$ValueCollection done
Event: 0.231 loading class java/lang/NumberFormatException
Event: 0.231 loading class java/lang/NumberFormatException done
Event: 0.263 loading class java/lang/CloneNotSupportedException
Event: 0.263 loading class java/lang/CloneNotSupportedException done


Dynamic libraries:
0x00007ff680f90000 - 0x00007ff680f9e000 	C:\Users\08yur\.p2\pool\plugins\org.eclipse.justj.openjdk.hotspot.jre.full.win32.x86_64_17.0.2.v20220201-1208\jre\bin\javaw.exe
0x00007ff8d5af0000 - 0x00007ff8d5ce7000 	C:\Windows\SYSTEM32\ntdll.dll
0x00007ff8d4cc0000 - 0x00007ff8d4d7d000 	C:\Windows\System32\KERNEL32.DLL
0x00007ff8d3480000 - 0x00007ff8d3776000 	C:\Windows\System32\KERNELBASE.dll
0x00007ff8d3990000 - 0x00007ff8d3a90000 	C:\Windows\System32\ucrtbase.dll
0x00007ff8cdca0000 - 0x00007ff8cdcb8000 	C:\Users\08yur\.p2\pool\plugins\org.eclipse.justj.openjdk.hotspot.jre.full.win32.x86_64_17.0.2.v20220201-1208\jre\bin\jli.dll
0x00007ff8ce570000 - 0x00007ff8ce589000 	C:\Users\08yur\.p2\pool\plugins\org.eclipse.justj.openjdk.hotspot.jre.full.win32.x86_64_17.0.2.v20220201-1208\jre\bin\VCRUNTIME140.dll
0x00007ff8d43a0000 - 0x00007ff8d453e000 	C:\Windows\System32\USER32.dll
0x00007ff8d3450000 - 0x00007ff8d3472000 	C:\Windows\System32\win32u.dll
0x00007ff8d4540000 - 0x00007ff8d456c000 	C:\Windows\System32\GDI32.dll
0x00007ff8bc2b0000 - 0x00007ff8bc54a000 	C:\Windows\WinSxS\amd64_microsoft.windows.common-controls_6595b64144ccf1df_6.0.19041.3570_none_60bb2a3971f3e41a\COMCTL32.dll
0x00007ff8d3330000 - 0x00007ff8d344a000 	C:\Windows\System32\gdi32full.dll
0x00007ff8d3dc0000 - 0x00007ff8d3e5e000 	C:\Windows\System32\msvcrt.dll
0x00007ff8d38f0000 - 0x00007ff8d398d000 	C:\Windows\System32\msvcp_win.dll
0x00007ff8d3b50000 - 0x00007ff8d3b80000 	C:\Windows\System32\IMM32.DLL
0x00007ff8ccdd0000 - 0x00007ff8ccddc000 	C:\Users\08yur\.p2\pool\plugins\org.eclipse.justj.openjdk.hotspot.jre.full.win32.x86_64_17.0.2.v20220201-1208\jre\bin\vcruntime140_1.dll
0x00007ff8cca40000 - 0x00007ff8ccad1000 	C:\Users\08yur\.p2\pool\plugins\org.eclipse.justj.openjdk.hotspot.jre.full.win32.x86_64_17.0.2.v20220201-1208\jre\bin\msvcp140.dll
0x00007ff886900000 - 0x00007ff887547000 	C:\Users\08yur\.p2\pool\plugins\org.eclipse.justj.openjdk.hotspot.jre.full.win32.x86_64_17.0.2.v20220201-1208\jre\bin\server\jvm.dll
0x00007ff8d50c0000 - 0x00007ff8d516e000 	C:\Windows\System32\ADVAPI32.dll
0x00007ff8d49e0000 - 0x00007ff8d4a7c000 	C:\Windows\System32\sechost.dll
0x00007ff8d3e60000 - 0x00007ff8d3f86000 	C:\Windows\System32\RPCRT4.dll
0x00007ff8d5aa0000 - 0x00007ff8d5aa8000 	C:\Windows\System32\PSAPI.DLL
0x00007ff8b5c30000 - 0x00007ff8b5c39000 	C:\Windows\SYSTEM32\WSOCK32.dll
0x00007ff8caa10000 - 0x00007ff8caa37000 	C:\Windows\SYSTEM32\WINMM.dll
0x00007ff8cbbf0000 - 0x00007ff8cbbfa000 	C:\Windows\SYSTEM32\VERSION.dll
0x00007ff8d4f80000 - 0x00007ff8d4feb000 	C:\Windows\System32\WS2_32.dll
0x00007ff8d1090000 - 0x00007ff8d10a2000 	C:\Windows\SYSTEM32\kernel.appcore.dll
0x00007ff8cfc10000 - 0x00007ff8cfc1a000 	C:\Users\08yur\.p2\pool\plugins\org.eclipse.justj.openjdk.hotspot.jre.full.win32.x86_64_17.0.2.v20220201-1208\jre\bin\jimage.dll
0x00007ff8bccf0000 - 0x00007ff8bced4000 	C:\Windows\SYSTEM32\DBGHELP.DLL
0x00007ff8b6990000 - 0x00007ff8b69c4000 	C:\Windows\SYSTEM32\dbgcore.DLL
0x00007ff8d3780000 - 0x00007ff8d3802000 	C:\Windows\System32\bcryptPrimitives.dll
0x00007ff8ccc70000 - 0x00007ff8ccc95000 	C:\Users\08yur\.p2\pool\plugins\org.eclipse.justj.openjdk.hotspot.jre.full.win32.x86_64_17.0.2.v20220201-1208\jre\bin\java.dll
0x00007ff8cd7a0000 - 0x00007ff8cd7b8000 	C:\Users\08yur\.p2\pool\plugins\org.eclipse.justj.openjdk.hotspot.jre.full.win32.x86_64_17.0.2.v20220201-1208\jre\bin\zip.dll
0x00007ff8d52a0000 - 0x00007ff8d59e4000 	C:\Windows\System32\SHELL32.dll
0x00007ff8d1290000 - 0x00007ff8d1a2b000 	C:\Windows\SYSTEM32\windows.storage.dll
0x00007ff8d3f90000 - 0x00007ff8d42e4000 	C:\Windows\System32\combase.dll
0x00007ff8d2c10000 - 0x00007ff8d2c3d000 	C:\Windows\SYSTEM32\Wldp.dll
0x00007ff8d59f0000 - 0x00007ff8d5a9d000 	C:\Windows\System32\SHCORE.dll
0x00007ff8d3d00000 - 0x00007ff8d3d55000 	C:\Windows\System32\shlwapi.dll
0x00007ff8d3100000 - 0x00007ff8d3125000 	C:\Windows\SYSTEM32\profapi.dll
0x00007ff8cc970000 - 0x00007ff8cc989000 	C:\Users\08yur\.p2\pool\plugins\org.eclipse.justj.openjdk.hotspot.jre.full.win32.x86_64_17.0.2.v20220201-1208\jre\bin\net.dll
0x00007ff8cb000000 - 0x00007ff8cb10a000 	C:\Windows\SYSTEM32\WINHTTP.dll
0x00007ff8d2970000 - 0x00007ff8d29da000 	C:\Windows\system32\mswsock.dll
0x00007ff8cc950000 - 0x00007ff8cc965000 	C:\Users\08yur\.p2\pool\plugins\org.eclipse.justj.openjdk.hotspot.jre.full.win32.x86_64_17.0.2.v20220201-1208\jre\bin\nio.dll
0x00007ff8ccc60000 - 0x00007ff8ccc70000 	C:\Users\08yur\.p2\pool\plugins\org.eclipse.justj.openjdk.hotspot.jre.full.win32.x86_64_17.0.2.v20220201-1208\jre\bin\verify.dll
0x0000000067000000 - 0x00000000672fc000 	C:\Users\08yur\AppData\Local\Temp\QtJambi_08yur_amd64_4.5.2_01_msvc2005x64-20090727-1319\bin\QtCore4.dll
0x00007ff8d5170000 - 0x00007ff8d529b000 	C:\Windows\System32\ole32.dll
0x0000000076a30000 - 0x0000000076b39000 	C:\Windows\WinSxS\amd64_microsoft.vc80.crt_1fc8b3b9a1e18e3b_8.0.50727.9672_none_88e266cb2fac7c0d\MSVCP80.dll
0x00000000500a0000 - 0x0000000050169000 	C:\Windows\WinSxS\amd64_microsoft.vc80.crt_1fc8b3b9a1e18e3b_8.0.50727.9672_none_88e266cb2fac7c0d\MSVCR80.dll
0x0000000010000000 - 0x000000001004d000 	C:\Users\08yur\AppData\Local\Temp\QtJambi_08yur_amd64_4.5.2_01_msvc2005x64-20090727-1319\bin\qtjambi.dll
0x0000000000850000 - 0x0000000000958000 	C:\Users\08yur\AppData\Local\Temp\QtJambi_08yur_amd64_4.5.2_01_msvc2005x64-20090727-1319\bin\com_trolltech_qt_core.dll
0x0000000065000000 - 0x0000000065ae2000 	C:\Users\08yur\AppData\Local\Temp\QtJambi_08yur_amd64_4.5.2_01_msvc2005x64-20090727-1319\bin\QtGui4.dll
0x00007ff8d3b80000 - 0x00007ff8d3c5a000 	C:\Windows\System32\comdlg32.dll
0x00007ff8d4ff0000 - 0x00007ff8d50bd000 	C:\Windows\System32\OLEAUT32.dll
0x00007ff8bc210000 - 0x00007ff8bc2ad000 	C:\Windows\SYSTEM32\WINSPOOL.DRV
0x0000000000960000 - 0x0000000001084000 	C:\Users\08yur\AppData\Local\Temp\QtJambi_08yur_amd64_4.5.2_01_msvc2005x64-20090727-1319\bin\com_trolltech_qt_gui.dll
0x00007ff8d0ad0000 - 0x00007ff8d0b6e000 	C:\Windows\system32\uxtheme.dll
0x00007ff8d4e60000 - 0x00007ff8d4f74000 	C:\Windows\System32\MSCTF.dll
0x00007ff8919b0000 - 0x00007ff891c11000 	C:\Windows\SYSTEM32\wintab32.DLL
0x00007ff8cdc80000 - 0x00007ff8cdc94000 	C:\Windows\SYSTEM32\WTSAPI32.dll
0x00007ff8b7c20000 - 0x00007ff8b7c3d000 	C:\Windows\SYSTEM32\MPR.dll
0x00007ff896af0000 - 0x00007ff896d7e000 	C:\Windows\SYSTEM32\Wacom_Tablet.dll
0x00007ff8cda70000 - 0x00007ff8cdb6a000 	C:\Windows\SYSTEM32\textinputframework.dll
0x00007ff8d0790000 - 0x00007ff8d0882000 	C:\Windows\System32\CoreMessaging.dll
0x00007ff8d0430000 - 0x00007ff8d078b000 	C:\Windows\System32\CoreUIComponents.dll
0x00007ff8d2330000 - 0x00007ff8d2363000 	C:\Windows\SYSTEM32\ntmarta.dll
0x00007ff8cfd60000 - 0x00007ff8cfeb5000 	C:\Windows\SYSTEM32\wintypes.dll
0x00007ff8cd850000 - 0x00007ff8cd8b6000 	C:\Windows\system32\Oleacc.dll
0x0000000001090000 - 0x00000000010cf000 	C:\Users\08yur\AppData\Local\Temp\QtJambi_08yur_amd64_4.5.2_01_msvc2005x64-20090727-1319\plugins\accessible\qtaccessiblewidgets4.dll
0x00007ff8d42f0000 - 0x00007ff8d4399000 	C:\Windows\System32\clbcatq.dll

dbghelp: loaded successfully - version: 4.0.5 - missing functions: none
symbol engine: initialized successfully - sym options: 0x614 - pdb path: .;C:\Users\08yur\.p2\pool\plugins\org.eclipse.justj.openjdk.hotspot.jre.full.win32.x86_64_17.0.2.v20220201-1208\jre\bin;C:\Windows\SYSTEM32;C:\Windows\WinSxS\amd64_microsoft.windows.common-controls_6595b64144ccf1df_6.0.19041.3570_none_60bb2a3971f3e41a;C:\Users\08yur\.p2\pool\plugins\org.eclipse.justj.openjdk.hotspot.jre.full.win32.x86_64_17.0.2.v20220201-1208\jre\bin\server;C:\Users\08yur\AppData\Local\Temp\QtJambi_08yur_amd64_4.5.2_01_msvc2005x64-20090727-1319\bin;C:\Windows\WinSxS\amd64_microsoft.vc80.crt_1fc8b3b9a1e18e3b_8.0.50727.9672_none_88e266cb2fac7c0d;C:\Users\08yur\AppData\Local\Temp\QtJambi_08yur_amd64_4.5.2_01_msvc2005x64-20090727-1319\plugins\accessible

VM Arguments:
jvm_args: -Dfile.encoding=Cp1251 -XX:+ShowCodeDetailsInExceptionMessages 
java_command: auto.AutoStreetlight
java_class_path (initial): D:\рисульки NEO\Codenineg\QTStreetlight\bin;D:\рисульки NEO\Codenineg\qtjambi-win64-lgpl-4.5.2_01\qtjambi-designer-4.5.2_01.jar;D:\рисульки NEO\Codenineg\qtjambi-win64-lgpl-4.5.2_01\qtjambi-examples-4.5.2_01.jar;D:\рисульки NEO\Codenineg\qtjambi-win64-lgpl-4.5.2_01\qtjambi-win64-msvc2005x64-4.5.2_01.jar;D:\рисульки NEO\Codenineg\qtjambi-win64-lgpl-4.5.2_01\qtjambi-4.5.2_01.jar
Launcher Type: SUN_STANDARD

[Global flags]
     intx CICompilerCount                          = 4                                         {product} {ergonomic}
     uint ConcGCThreads                            = 2                                         {product} {ergonomic}
     uint G1ConcRefinementThreads                  = 8                                         {product} {ergonomic}
   size_t G1HeapRegionSize                         = 4194304                                   {product} {ergonomic}
    uintx GCDrainStackTargetSize                   = 64                                        {product} {ergonomic}
   size_t InitialHeapSize                          = 536870912                                 {product} {ergonomic}
   size_t MarkStackSize                            = 4194304                                   {product} {ergonomic}
   size_t MaxHeapSize                              = 8573157376                                {product} {ergonomic}
   size_t MaxNewSize                               = 5142216704                                {product} {ergonomic}
   size_t MinHeapDeltaBytes                        = 4194304                                   {product} {ergonomic}
   size_t MinHeapSize                              = 8388608                                   {product} {ergonomic}
    uintx NonNMethodCodeHeapSize                   = 5839372                                {pd product} {ergonomic}
    uintx NonProfiledCodeHeapSize                  = 122909434                              {pd product} {ergonomic}
    uintx ProfiledCodeHeapSize                     = 122909434                              {pd product} {ergonomic}
    uintx ReservedCodeCacheSize                    = 251658240                              {pd product} {ergonomic}
     bool SegmentedCodeCache                       = true                                      {product} {ergonomic}
     bool ShowCodeDetailsInExceptionMessages       = true                                   {manageable} {command line}
   size_t SoftMaxHeapSize                          = 8573157376                             {manageable} {ergonomic}
     bool UseCompressedClassPointers               = true                           {product lp64_product} {ergonomic}
     bool UseCompressedOops                        = true                           {product lp64_product} {ergonomic}
     bool UseG1GC                                  = true                                      {product} {ergonomic}
     bool UseLargePagesIndividualAllocation        = false                                  {pd product} {ergonomic}

Logging:
Log output configuration:
 #0: stdout all=warning uptime,level,tags
 #1: stderr all=off uptime,level,tags

Environment Variables:
PATH=C:/Users/08yur/.p2/pool/plugins/org.eclipse.justj.openjdk.hotspot.jre.full.win32.x86_64_17.0.2.v20220201-1208/jre/bin/server;C:/Users/08yur/.p2/pool/plugins/org.eclipse.justj.openjdk.hotspot.jre.full.win32.x86_64_17.0.2.v20220201-1208/jre/bin;C:\Program Files\Microsoft MPI\Bin\;C:\ProgramData\Oracle\Java\javapath;C:\Program Files\Common Files\Oracle\Java\javapath;C:\Program Files (x86)\Common Files\Oracle\Java\javapath;C:\Windows\system32;C:\Windows;C:\Windows\System32\Wbem;C:\Windows\System32\WindowsPowerShell\v1.0\;C:\Windows\System32\OpenSSH\;C:\Program Files\Microsoft SQL Server\130\Tools\Binn\;C:\Program Files\Microsoft SQL Server\Client SDK\ODBC\170\Tools\Binn\;C:\Program Files\Common Files\Autodesk Shared\;C:\Program Files\Microsoft SQL Server\120\Tools\Binn\;C:\HaxeToolkit\neko;C:\Program Files\dotnet\;C:\HaxeToolkit\haxe;C:\Program Files\Git\cmd;D:\MATLAB\runtime\win64;D:\MATLAB\bin;D:\MATLAB\polyspace\bin;C:\Program Files\PuTTY\;C:\Users\08yur\AppData\Local\Programs\Python\Python310\Scripts\;C:\Users\08yur\AppData\Local\Programs\Python\Python310\;C:\Users\08yur\AppData\Local\Microsoft\WindowsApps;C:\Users\08yur\.dotnet\tools;C:\Windows\System32;
USERNAME=08yur
OS=Windows_NT
PROCESSOR_IDENTIFIER=Intel64 Family 6 Model 158 Stepping 13, GenuineIntel



---------------  S Y S T E M  ---------------

OS:
 Windows 10 , 64 bit Build 19041 (10.0.19041.3570)
OS uptime: 14 days 5:35 hours

CPU: total 8 (initial active 8) (8 cores per cpu, 1 threads per core) family 6 model 158 stepping 13 microcode 0xb4, cx8, cmov, fxsr, mmx, 3dnowpref, sse, sse2, sse3, ssse3, sse4.1, sse4.2, popcnt, lzcnt, tsc, tscinvbit, avx, avx2, aes, erms, clmul, bmi1, bmi2, rtm, adx, fma, vzeroupper, clflush, clflushopt

Memory: 4k page, system-wide physical 32697M (21090M free)
TotalPageFile size 46009M (AvailPageFile size 30121M)
current process WorkingSet (physical memory assigned to process): 73M, peak: 80M
current process commit charge ("private bytes"): 221M, peak: 626M

vm_info: OpenJDK 64-Bit Server VM (17.0.2+8) for windows-amd64 JRE (17.0.2+8), built on Jan 20 2022 04:52:34 by "" with MS VC++ 16.7 (VS2019)

END.
